This is pdfTeX, Version 3.14159265-2.6-1.40.19 (TeX Live 2018/W32TeX) (preloaded format=pdflatex 2019.1.20)  28 JAN 2019 09:25
entering extended mode
 restricted \write18 enabled.
 %&-line parsing enabled.
**T1handouts.tex
(./T1handouts.tex
LaTeX2e <2018-12-01>

(c:/Users/mcortinas.DYC/AppData/Roaming/TinyTeX/texmf-dist/tex/latex/tufte-late
x/tufte-handout.cls
Document Class: tufte-handout 2015/06/21 v3.5.2 Tufte-handout class

(c:/Users/mcortinas.DYC/AppData/Roaming/TinyTeX/texmf-dist/tex/latex/tufte-late
x/tufte-common.def
File: tufte-common.def 2015/06/21 v3.5.2 Common code for the Tufte-LaTeX styles


(c:/Users/mcortinas.DYC/AppData/Roaming/TinyTeX/texmf-dist/tex/latex/xkeyval/xk
eyval.sty
Package: xkeyval 2014/12/03 v2.7a package option processing (HA)

(c:/Users/mcortinas.DYC/AppData/Roaming/TinyTeX/texmf-dist/tex/generic/xkeyval/
xkeyval.tex
(c:/Users/mcortinas.DYC/AppData/Roaming/TinyTeX/texmf-dist/tex/generic/xkeyval/
xkvutils.tex
\XKV@toks=\toks14
\XKV@tempa@toks=\toks15

(c:/Users/mcortinas.DYC/AppData/Roaming/TinyTeX/texmf-dist/tex/generic/xkeyval/
keyval.tex))
\XKV@depth=\count80
File: xkeyval.tex 2014/12/03 v2.7a key=value parser (HA)
))
(c:/Users/mcortinas.DYC/AppData/Roaming/TinyTeX/texmf-dist/tex/latex/xifthen/xi
fthen.sty
Package: xifthen 2015/11/05 v1.4.0 Extended ifthen features

(c:/Users/mcortinas.DYC/AppData/Roaming/TinyTeX/texmf-dist/tex/latex/tools/calc
.sty
Package: calc 2017/05/25 v4.3 Infix arithmetic (KKT,FJ)
\calc@Acount=\count81
\calc@Bcount=\count82
\calc@Adimen=\dimen102
\calc@Bdimen=\dimen103
\calc@Askip=\skip41
\calc@Bskip=\skip42
LaTeX Info: Redefining \setlength on input line 80.
LaTeX Info: Redefining \addtolength on input line 81.
\calc@Ccount=\count83
\calc@Cskip=\skip43
)
(c:/Users/mcortinas.DYC/AppData/Roaming/TinyTeX/texmf-dist/tex/latex/base/ifthe
n.sty
Package: ifthen 2014/09/29 v1.1c Standard LaTeX ifthen package (DPC)
)
(c:/Users/mcortinas.DYC/AppData/Roaming/TinyTeX/texmf-dist/tex/latex/ifmtarg/if
mtarg.sty
Package: ifmtarg 2018/04/16 v1.2b check for an empty argument
))
(c:/Users/mcortinas.DYC/AppData/Roaming/TinyTeX/texmf-dist/tex/latex/hardwrap/h
ardwrap.sty
Package: hardwrap 2011/02/12 v0.2 Hard wrap messages

(c:/Users/mcortinas.DYC/AppData/Roaming/TinyTeX/texmf-dist/tex/generic/oberdiek
/pdftexcmds.sty
Package: pdftexcmds 2018/09/10 v0.29 Utility functions of pdfTeX for LuaTeX (HO
)

(c:/Users/mcortinas.DYC/AppData/Roaming/TinyTeX/texmf-dist/tex/generic/oberdiek
/infwarerr.sty
Package: infwarerr 2016/05/16 v1.4 Providing info/warning/error messages (HO)
)
(c:/Users/mcortinas.DYC/AppData/Roaming/TinyTeX/texmf-dist/tex/generic/oberdiek
/ifluatex.sty
Package: ifluatex 2016/05/16 v1.4 Provides the ifluatex switch (HO)
Package ifluatex Info: LuaTeX not detected.
)
(c:/Users/mcortinas.DYC/AppData/Roaming/TinyTeX/texmf-dist/tex/generic/oberdiek
/ltxcmds.sty
Package: ltxcmds 2016/05/16 v1.23 LaTeX kernel commands for general use (HO)
)
(c:/Users/mcortinas.DYC/AppData/Roaming/TinyTeX/texmf-dist/tex/generic/oberdiek
/ifpdf.sty
Package: ifpdf 2018/09/07 v3.3 Provides the ifpdf switch
)
Package pdftexcmds Info: LuaTeX not detected.
Package pdftexcmds Info: \pdf@primitive is available.
Package pdftexcmds Info: \pdf@ifprimitive is available.
Package pdftexcmds Info: \pdfdraftmode found.
)
(c:/Users/mcortinas.DYC/AppData/Roaming/TinyTeX/texmf-dist/tex/generic/ifxetex/
ifxetex.sty
Package: ifxetex 2010/09/12 v0.6 Provides ifxetex conditional
)
\hw@charcount=\count84
\hw@wordcount=\count85
\hw@maxprintline=\count86
)
Class tufte-handout Info: Passing es-ES to the `article' class.
Class tufte-handout Info: Loading the base class `article'

(c:/Users/mcortinas.DYC/AppData/Roaming/TinyTeX/texmf-dist/tex/latex/base/artic
le.cls
Document Class: article 2018/09/03 v1.4i Standard LaTeX document class

(c:/Users/mcortinas.DYC/AppData/Roaming/TinyTeX/texmf-dist/tex/latex/base/size1
0.clo
File: size10.clo 2018/09/03 v1.4i Standard LaTeX file (size option)
)
\c@part=\count87
\c@section=\count88
\c@subsection=\count89
\c@subsubsection=\count90
\c@paragraph=\count91
\c@subparagraph=\count92
\c@figure=\count93
\c@table=\count94
\abovecaptionskip=\skip44
\belowcaptionskip=\skip45
\bibindent=\dimen104
)
(c:/Users/mcortinas.DYC/AppData/Roaming/TinyTeX/texmf-dist/tex/latex/titlesec/t
itlesec.sty
Package: titlesec 2016/03/21 v2.10.2 Sectioning titles
\ttl@box=\box27
\beforetitleunit=\skip46
\aftertitleunit=\skip47
\ttl@plus=\dimen105
\ttl@minus=\dimen106
\ttl@toksa=\toks16
\titlewidth=\dimen107
\titlewidthlast=\dimen108
\titlewidthfirst=\dimen109
)
(c:/Users/mcortinas.DYC/AppData/Roaming/TinyTeX/texmf-dist/tex/latex/titlesec/t
itletoc.sty
Package: titletoc 2011/12/15 v1.6 TOC entries
\ttl@leftsep=\dimen110
)
(c:/Users/mcortinas.DYC/AppData/Roaming/TinyTeX/texmf-dist/tex/latex/hyperref/h
yperref.sty
Package: hyperref 2018/11/30 v6.88e Hypertext links for LaTeX

(c:/Users/mcortinas.DYC/AppData/Roaming/TinyTeX/texmf-dist/tex/generic/oberdiek
/hobsub-hyperref.sty
Package: hobsub-hyperref 2016/05/16 v1.14 Bundle oberdiek, subset hyperref (HO)


(c:/Users/mcortinas.DYC/AppData/Roaming/TinyTeX/texmf-dist/tex/generic/oberdiek
/hobsub-generic.sty
Package: hobsub-generic 2016/05/16 v1.14 Bundle oberdiek, subset generic (HO)
Package: hobsub 2016/05/16 v1.14 Construct package bundles (HO)
Package hobsub Info: Skipping package `infwarerr' (already loaded).
Package hobsub Info: Skipping package `ltxcmds' (already loaded).
Package hobsub Info: Skipping package `ifluatex' (already loaded).
Package: ifvtex 2016/05/16 v1.6 Detect VTeX and its facilities (HO)
Package ifvtex Info: VTeX not detected.
Package: intcalc 2016/05/16 v1.2 Expandable calculations with integers (HO)
Package hobsub Info: Skipping package `ifpdf' (already loaded).
Package: etexcmds 2016/05/16 v1.6 Avoid name clashes with e-TeX commands (HO)
Package etexcmds Info: Could not find \expanded.
(etexcmds)             That can mean that you are not using pdfTeX 1.50 or
(etexcmds)             that some package has redefined \expanded.
(etexcmds)             In the latter case, load this package earlier.
Package: kvsetkeys 2016/05/16 v1.17 Key value parser (HO)
Package: kvdefinekeys 2016/05/16 v1.4 Define keys (HO)
Package hobsub Info: Skipping package `pdftexcmds' (already loaded).
Package: pdfescape 2016/05/16 v1.14 Implements pdfTeX's escape features (HO)
Package: bigintcalc 2016/05/16 v1.4 Expandable calculations on big integers (HO
)
Package: bitset 2016/05/16 v1.2 Handle bit-vector datatype (HO)
Package: uniquecounter 2016/05/16 v1.3 Provide unlimited unique counter (HO)
)
Package hobsub Info: Skipping package `hobsub' (already loaded).
Package: letltxmacro 2016/05/16 v1.5 Let assignment for LaTeX macros (HO)
Package: hopatch 2016/05/16 v1.3 Wrapper for package hooks (HO)
Package: xcolor-patch 2016/05/16 xcolor patch
Package: atveryend 2016/05/16 v1.9 Hooks at the very end of document (HO)
Package atveryend Info: \enddocument detected (standard20110627).
Package: atbegshi 2016/06/09 v1.18 At begin shipout hook (HO)
Package: refcount 2016/05/16 v3.5 Data extraction from label references (HO)
Package: hycolor 2016/05/16 v1.8 Color options for hyperref/bookmark (HO)
)
(c:/Users/mcortinas.DYC/AppData/Roaming/TinyTeX/texmf-dist/tex/latex/oberdiek/a
uxhook.sty
Package: auxhook 2016/05/16 v1.4 Hooks for auxiliary files (HO)
)
(c:/Users/mcortinas.DYC/AppData/Roaming/TinyTeX/texmf-dist/tex/latex/oberdiek/k
voptions.sty
Package: kvoptions 2016/05/16 v3.12 Key value format for package options (HO)
)
\@linkdim=\dimen111
\Hy@linkcounter=\count95
\Hy@pagecounter=\count96

(c:/Users/mcortinas.DYC/AppData/Roaming/TinyTeX/texmf-dist/tex/latex/hyperref/p
d1enc.def
File: pd1enc.def 2018/11/30 v6.88e Hyperref: PDFDocEncoding definition (HO)
Now handling font encoding PD1 ...
... no UTF-8 mapping file for font encoding PD1
)
\Hy@SavedSpaceFactor=\count97

(c:/Users/mcortinas.DYC/AppData/Roaming/TinyTeX/texmf-dist/tex/latex/latexconfi
g/hyperref.cfg
File: hyperref.cfg 2002/06/06 v1.2 hyperref configuration of TeXLive
)
Package hyperref Info: Option `unicode' set `true' on input line 4393.

(c:/Users/mcortinas.DYC/AppData/Roaming/TinyTeX/texmf-dist/tex/latex/hyperref/p
uenc.def
File: puenc.def 2018/11/30 v6.88e Hyperref: PDF Unicode definition (HO)
Now handling font encoding PU ...
... no UTF-8 mapping file for font encoding PU
)
Package hyperref Info: Option `hyperfootnotes' set `false' on input line 4393.
Package hyperref Info: Hyper figures OFF on input line 4519.
Package hyperref Info: Link nesting OFF on input line 4524.
Package hyperref Info: Hyper index ON on input line 4527.
Package hyperref Info: Plain pages OFF on input line 4534.
Package hyperref Info: Backreferencing OFF on input line 4539.
Package hyperref Info: Implicit mode ON; LaTeX internals redefined.
Package hyperref Info: Bookmarks ON on input line 4772.
\c@Hy@tempcnt=\count98

(c:/Users/mcortinas.DYC/AppData/Roaming/TinyTeX/texmf-dist/tex/latex/url/url.st
y
\Urlmuskip=\muskip10
Package: url 2013/09/16  ver 3.4  Verb mode for urls, etc.
)
LaTeX Info: Redefining \url on input line 5125.
\XeTeXLinkMargin=\dimen112
\Fld@menulength=\count99
\Field@Width=\dimen113
\Fld@charsize=\dimen114
Package hyperref Info: Hyper figures OFF on input line 6380.
Package hyperref Info: Link nesting OFF on input line 6385.
Package hyperref Info: Hyper index ON on input line 6388.
Package hyperref Info: backreferencing OFF on input line 6395.
Package hyperref Info: Link coloring OFF on input line 6400.
Package hyperref Info: Link coloring with OCG OFF on input line 6405.
Package hyperref Info: PDF/A mode OFF on input line 6410.
LaTeX Info: Redefining \ref on input line 6450.
LaTeX Info: Redefining \pageref on input line 6454.
\Hy@abspage=\count100
\c@Item=\count101
)
Package hyperref Info: Driver (autodetected): hpdftex.

(c:/Users/mcortinas.DYC/AppData/Roaming/TinyTeX/texmf-dist/tex/latex/hyperref/h
pdftex.def
File: hpdftex.def 2018/11/30 v6.88e Hyperref driver for pdfTeX
\Fld@listcount=\count102
\c@bookmark@seq@number=\count103

(c:/Users/mcortinas.DYC/AppData/Roaming/TinyTeX/texmf-dist/tex/latex/oberdiek/r
erunfilecheck.sty
Package: rerunfilecheck 2016/05/16 v1.8 Rerun checks for auxiliary files (HO)
Package uniquecounter Info: New unique counter `rerunfilecheck' on input line 2
82.
)
\Hy@SectionHShift=\skip48
)
(c:/Users/mcortinas.DYC/AppData/Roaming/TinyTeX/texmf-dist/tex/latex/ms/ragged2
e.sty
Package: ragged2e 2009/05/21 v2.1 ragged2e Package (MS)

(c:/Users/mcortinas.DYC/AppData/Roaming/TinyTeX/texmf-dist/tex/latex/ms/everyse
l.sty
Package: everysel 2011/10/28 v1.2 EverySelectfont Package (MS)
)
\CenteringLeftskip=\skip49
\RaggedLeftLeftskip=\skip50
\RaggedRightLeftskip=\skip51
\CenteringRightskip=\skip52
\RaggedLeftRightskip=\skip53
\RaggedRightRightskip=\skip54
\CenteringParfillskip=\skip55
\RaggedLeftParfillskip=\skip56
\RaggedRightParfillskip=\skip57
\JustifyingParfillskip=\skip58
\CenteringParindent=\skip59
\RaggedLeftParindent=\skip60
\RaggedRightParindent=\skip61
\JustifyingParindent=\skip62
)
(c:/Users/mcortinas.DYC/AppData/Roaming/TinyTeX/texmf-dist/tex/latex/geometry/g
eometry.sty
Package: geometry 2018/04/16 v5.8 Page Geometry
\Gm@cnth=\count104
\Gm@cntv=\count105
\c@Gm@tempcnt=\count106
\Gm@bindingoffset=\dimen115
\Gm@wd@mp=\dimen116
\Gm@odd@mp=\dimen117
\Gm@even@mp=\dimen118
\Gm@layoutwidth=\dimen119
\Gm@layoutheight=\dimen120
\Gm@layouthoffset=\dimen121
\Gm@layoutvoffset=\dimen122
\Gm@dimlist=\toks17
)
(c:/Users/mcortinas.DYC/AppData/Roaming/TinyTeX/texmf-dist/tex/latex/changepage
/changepage.sty
Package: changepage 2009/10/20 v1.0c check page and change page layout
\c@cp@cntr=\count107
\cp@tempcnt=\count108
)
\@tufte@overhang=\skip63
\@tufte@fullwidth=\skip64
\@tufte@caption@fill=\skip65

(c:/Users/mcortinas.DYC/AppData/Roaming/TinyTeX/texmf-dist/tex/latex/paralist/p
aralist.sty
Package: paralist 2017/01/22 v2.7 Extended list environments
\pltopsep=\skip66
\plpartopsep=\skip67
\plitemsep=\skip68
\plparsep=\skip69
\pl@lab=\toks18
)
(c:/Users/mcortinas.DYC/AppData/Roaming/TinyTeX/texmf-dist/tex/latex/textcase/t
extcase.sty
Package: textcase 2004/10/07 v0.07 Text only upper/lower case changing (DPC)
)

Class tufte-handout Warning: Couldn't locate `soul' package


(c:/Users/mcortinas.DYC/AppData/Roaming/TinyTeX/texmf-dist/tex/latex/setspace/s
etspace.sty
Package: setspace 2011/12/19 v6.7a set line spacing
)
(c:/Users/mcortinas.DYC/AppData/Roaming/TinyTeX/texmf-dist/tex/latex/xcolor/xco
lor.sty
Package: xcolor 2016/05/11 v2.12 LaTeX color extensions (UK)

(c:/Users/mcortinas.DYC/AppData/Roaming/TinyTeX/texmf-dist/tex/latex/graphics-c
fg/color.cfg
File: color.cfg 2016/01/02 v1.6 sample color configuration
)
Package xcolor Info: Package option `usenames' ignored on input line 216.
Package xcolor Info: Driver file: pdftex.def on input line 225.

(c:/Users/mcortinas.DYC/AppData/Roaming/TinyTeX/texmf-dist/tex/latex/graphics-d
ef/pdftex.def
File: pdftex.def 2018/01/08 v1.0l Graphics/color driver for pdftex
)
Package xcolor Info: Model `cmy' substituted by `cmy0' on input line 1348.
Package xcolor Info: Model `hsb' substituted by `rgb' on input line 1352.
Package xcolor Info: Model `RGB' extended on input line 1364.
Package xcolor Info: Model `HTML' substituted by `rgb' on input line 1366.
Package xcolor Info: Model `Hsb' substituted by `hsb' on input line 1367.
Package xcolor Info: Model `tHsb' substituted by `hsb' on input line 1368.
Package xcolor Info: Model `HSB' substituted by `hsb' on input line 1369.
Package xcolor Info: Model `Gray' substituted by `gray' on input line 1370.
Package xcolor Info: Model `wave' substituted by `hsb' on input line 1371.

(c:/Users/mcortinas.DYC/AppData/Roaming/TinyTeX/texmf-dist/tex/latex/graphics/d
vipsnam.def
File: dvipsnam.def 2016/06/17 v3.0m Driver-dependent file (DPC,SPQR)
)
(c:/Users/mcortinas.DYC/AppData/Roaming/TinyTeX/texmf-dist/tex/latex/xcolor/svg
nam.def
File: svgnam.def 2016/05/11 v2.12 Predefined colors according to SVG 1.1 (UK)
))
(c:/Users/mcortinas.DYC/AppData/Roaming/TinyTeX/texmf-dist/tex/latex/natbib/nat
bib.sty
Package: natbib 2010/09/13 8.31b (PWD, AO)
\bibhang=\skip70
\bibsep=\skip71
LaTeX Info: Redefining \cite on input line 694.
\c@NAT@ctr=\count109
)
(c:/Users/mcortinas.DYC/AppData/Roaming/TinyTeX/texmf-dist/tex/latex/natbib/bib
entry.sty
Package: bibentry 2007/10/30 1.5 (PWD)
)
No file T1handouts.bbl.
\c@@tufte@num@bibkeys=\count110

(c:/Users/mcortinas.DYC/AppData/Roaming/TinyTeX/texmf-dist/tex/latex/sauerj/opt
params.sty
Package: optparams 2004/08/14 v0.9 multiple optional parameters in macros
)
\@tufte@sidenote@vertical@offset=\skip72

(c:/Users/mcortinas.DYC/AppData/Roaming/TinyTeX/texmf-dist/tex/latex/placeins/p
laceins.sty
Package: placeins 2005/04/18  v 2.2
)
\@tufte@margin@floatbox=\box28
\@tufte@figure@box=\box29
\@tufte@caption@box=\box30
\@tufte@caption@vertical@offset=\skip73
\@tufte@float@contents@width=\skip74

(c:/Users/mcortinas.DYC/AppData/Roaming/TinyTeX/texmf-dist/tex/latex/base/fonte
nc.sty
Package: fontenc 2018/08/11 v2.0j Standard LaTeX package

(c:/Users/mcortinas.DYC/AppData/Roaming/TinyTeX/texmf-dist/tex/latex/base/t1enc
.def
File: t1enc.def 2018/08/11 v2.0j Standard LaTeX file
LaTeX Font Info:    Redeclaring font encoding T1 on input line 48.
))
(c:/Users/mcortinas.DYC/AppData/Roaming/TinyTeX/texmf-dist/tex/latex/base/textc
omp.sty
Package: textcomp 2018/08/11 v2.0j Standard LaTeX package
Package textcomp Info: Sub-encoding information:
(textcomp)               5 = only ISO-Adobe without \textcurrency
(textcomp)               4 = 5 + \texteuro
(textcomp)               3 = 4 + \textohm
(textcomp)               2 = 3 + \textestimated + \textcurrency
(textcomp)               1 = TS1 - \textcircled - \t
(textcomp)               0 = TS1 (full)
(textcomp)             Font families with sub-encoding setting implement
(textcomp)             only a restricted character set as indicated.
(textcomp)             Family '?' is the default used for unknown fonts.
(textcomp)             See the documentation for details.
Package textcomp Info: Setting ? sub-encoding to TS1/1 on input line 79.

(c:/Users/mcortinas.DYC/AppData/Roaming/TinyTeX/texmf-dist/tex/latex/base/ts1en
c.def
File: ts1enc.def 2001/06/05 v3.0e (jk/car/fm) Standard LaTeX file
Now handling font encoding TS1 ...
... processing UTF-8 mapping file for font encoding TS1

(c:/Users/mcortinas.DYC/AppData/Roaming/TinyTeX/texmf-dist/tex/latex/base/ts1en
c.dfu
File: ts1enc.dfu 2018/10/05 v1.2f UTF-8 support for inputenc
   defining Unicode char U+00A2 (decimal 162)
   defining Unicode char U+00A3 (decimal 163)
   defining Unicode char U+00A4 (decimal 164)
   defining Unicode char U+00A5 (decimal 165)
   defining Unicode char U+00A6 (decimal 166)
   defining Unicode char U+00A7 (decimal 167)
   defining Unicode char U+00A8 (decimal 168)
   defining Unicode char U+00A9 (decimal 169)
   defining Unicode char U+00AA (decimal 170)
   defining Unicode char U+00AC (decimal 172)
   defining Unicode char U+00AE (decimal 174)
   defining Unicode char U+00AF (decimal 175)
   defining Unicode char U+00B0 (decimal 176)
   defining Unicode char U+00B1 (decimal 177)
   defining Unicode char U+00B2 (decimal 178)
   defining Unicode char U+00B3 (decimal 179)
   defining Unicode char U+00B4 (decimal 180)
   defining Unicode char U+00B5 (decimal 181)
   defining Unicode char U+00B6 (decimal 182)
   defining Unicode char U+00B7 (decimal 183)
   defining Unicode char U+00B9 (decimal 185)
   defining Unicode char U+00BA (decimal 186)
   defining Unicode char U+00BC (decimal 188)
   defining Unicode char U+00BD (decimal 189)
   defining Unicode char U+00BE (decimal 190)
   defining Unicode char U+00D7 (decimal 215)
   defining Unicode char U+00F7 (decimal 247)
   defining Unicode char U+0192 (decimal 402)
   defining Unicode char U+02C7 (decimal 711)
   defining Unicode char U+02D8 (decimal 728)
   defining Unicode char U+02DD (decimal 733)
   defining Unicode char U+0E3F (decimal 3647)
   defining Unicode char U+2016 (decimal 8214)
   defining Unicode char U+2020 (decimal 8224)
   defining Unicode char U+2021 (decimal 8225)
   defining Unicode char U+2022 (decimal 8226)
   defining Unicode char U+2030 (decimal 8240)
   defining Unicode char U+2031 (decimal 8241)
   defining Unicode char U+203B (decimal 8251)
   defining Unicode char U+203D (decimal 8253)
   defining Unicode char U+2044 (decimal 8260)
   defining Unicode char U+204E (decimal 8270)
   defining Unicode char U+2052 (decimal 8274)
   defining Unicode char U+20A1 (decimal 8353)
   defining Unicode char U+20A4 (decimal 8356)
   defining Unicode char U+20A6 (decimal 8358)
   defining Unicode char U+20A9 (decimal 8361)
   defining Unicode char U+20AB (decimal 8363)
   defining Unicode char U+20AC (decimal 8364)
   defining Unicode char U+20B1 (decimal 8369)
   defining Unicode char U+2103 (decimal 8451)
   defining Unicode char U+2116 (decimal 8470)
   defining Unicode char U+2117 (decimal 8471)
   defining Unicode char U+211E (decimal 8478)
   defining Unicode char U+2120 (decimal 8480)
   defining Unicode char U+2122 (decimal 8482)
   defining Unicode char U+2126 (decimal 8486)
   defining Unicode char U+2127 (decimal 8487)
   defining Unicode char U+212E (decimal 8494)
   defining Unicode char U+2190 (decimal 8592)
   defining Unicode char U+2191 (decimal 8593)
   defining Unicode char U+2192 (decimal 8594)
   defining Unicode char U+2193 (decimal 8595)
   defining Unicode char U+2329 (decimal 9001)
   defining Unicode char U+232A (decimal 9002)
   defining Unicode char U+2422 (decimal 9250)
   defining Unicode char U+25E6 (decimal 9702)
   defining Unicode char U+25EF (decimal 9711)
   defining Unicode char U+266A (decimal 9834)
   defining Unicode char U+FEFF (decimal 65279)
))
LaTeX Info: Redefining \oldstylenums on input line 334.
Package textcomp Info: Setting cmr sub-encoding to TS1/0 on input line 349.
Package textcomp Info: Setting cmss sub-encoding to TS1/0 on input line 350.
Package textcomp Info: Setting cmtt sub-encoding to TS1/0 on input line 351.
Package textcomp Info: Setting cmvtt sub-encoding to TS1/0 on input line 352.
Package textcomp Info: Setting cmbr sub-encoding to TS1/0 on input line 353.
Package textcomp Info: Setting cmtl sub-encoding to TS1/0 on input line 354.
Package textcomp Info: Setting ccr sub-encoding to TS1/0 on input line 355.
Package textcomp Info: Setting ptm sub-encoding to TS1/4 on input line 356.
Package textcomp Info: Setting pcr sub-encoding to TS1/4 on input line 357.
Package textcomp Info: Setting phv sub-encoding to TS1/4 on input line 358.
Package textcomp Info: Setting ppl sub-encoding to TS1/3 on input line 359.
Package textcomp Info: Setting pag sub-encoding to TS1/4 on input line 360.
Package textcomp Info: Setting pbk sub-encoding to TS1/4 on input line 361.
Package textcomp Info: Setting pnc sub-encoding to TS1/4 on input line 362.
Package textcomp Info: Setting pzc sub-encoding to TS1/4 on input line 363.
Package textcomp Info: Setting bch sub-encoding to TS1/4 on input line 364.
Package textcomp Info: Setting put sub-encoding to TS1/5 on input line 365.
Package textcomp Info: Setting uag sub-encoding to TS1/5 on input line 366.
Package textcomp Info: Setting ugq sub-encoding to TS1/5 on input line 367.
Package textcomp Info: Setting ul8 sub-encoding to TS1/4 on input line 368.
Package textcomp Info: Setting ul9 sub-encoding to TS1/4 on input line 369.
Package textcomp Info: Setting augie sub-encoding to TS1/5 on input line 370.
Package textcomp Info: Setting dayrom sub-encoding to TS1/3 on input line 371.
Package textcomp Info: Setting dayroms sub-encoding to TS1/3 on input line 372.

Package textcomp Info: Setting pxr sub-encoding to TS1/0 on input line 373.
Package textcomp Info: Setting pxss sub-encoding to TS1/0 on input line 374.
Package textcomp Info: Setting pxtt sub-encoding to TS1/0 on input line 375.
Package textcomp Info: Setting txr sub-encoding to TS1/0 on input line 376.
Package textcomp Info: Setting txss sub-encoding to TS1/0 on input line 377.
Package textcomp Info: Setting txtt sub-encoding to TS1/0 on input line 378.
Package textcomp Info: Setting lmr sub-encoding to TS1/0 on input line 379.
Package textcomp Info: Setting lmdh sub-encoding to TS1/0 on input line 380.
Package textcomp Info: Setting lmss sub-encoding to TS1/0 on input line 381.
Package textcomp Info: Setting lmssq sub-encoding to TS1/0 on input line 382.
Package textcomp Info: Setting lmvtt sub-encoding to TS1/0 on input line 383.
Package textcomp Info: Setting lmtt sub-encoding to TS1/0 on input line 384.
Package textcomp Info: Setting qhv sub-encoding to TS1/0 on input line 385.
Package textcomp Info: Setting qag sub-encoding to TS1/0 on input line 386.
Package textcomp Info: Setting qbk sub-encoding to TS1/0 on input line 387.
Package textcomp Info: Setting qcr sub-encoding to TS1/0 on input line 388.
Package textcomp Info: Setting qcs sub-encoding to TS1/0 on input line 389.
Package textcomp Info: Setting qpl sub-encoding to TS1/0 on input line 390.
Package textcomp Info: Setting qtm sub-encoding to TS1/0 on input line 391.
Package textcomp Info: Setting qzc sub-encoding to TS1/0 on input line 392.
Package textcomp Info: Setting qhvc sub-encoding to TS1/0 on input line 393.
Package textcomp Info: Setting futs sub-encoding to TS1/4 on input line 394.
Package textcomp Info: Setting futx sub-encoding to TS1/4 on input line 395.
Package textcomp Info: Setting futj sub-encoding to TS1/4 on input line 396.
Package textcomp Info: Setting hlh sub-encoding to TS1/3 on input line 397.
Package textcomp Info: Setting hls sub-encoding to TS1/3 on input line 398.
Package textcomp Info: Setting hlst sub-encoding to TS1/3 on input line 399.
Package textcomp Info: Setting hlct sub-encoding to TS1/5 on input line 400.
Package textcomp Info: Setting hlx sub-encoding to TS1/5 on input line 401.
Package textcomp Info: Setting hlce sub-encoding to TS1/5 on input line 402.
Package textcomp Info: Setting hlcn sub-encoding to TS1/5 on input line 403.
Package textcomp Info: Setting hlcw sub-encoding to TS1/5 on input line 404.
Package textcomp Info: Setting hlcf sub-encoding to TS1/5 on input line 405.
Package textcomp Info: Setting pplx sub-encoding to TS1/3 on input line 406.
Package textcomp Info: Setting pplj sub-encoding to TS1/3 on input line 407.
Package textcomp Info: Setting ptmx sub-encoding to TS1/4 on input line 408.
Package textcomp Info: Setting ptmj sub-encoding to TS1/4 on input line 409.
)
(c:/Users/mcortinas.DYC/AppData/Roaming/TinyTeX/texmf-dist/tex/latex/fancyhdr/f
ancyhdr.sty
Package: fancyhdr 2017/06/30 v3.9a Extensive control of page headers and footer
s
\f@nch@headwidth=\skip75
\f@nch@O@elh=\skip76
\f@nch@O@erh=\skip77
\f@nch@O@olh=\skip78
\f@nch@O@orh=\skip79
\f@nch@O@elf=\skip80
\f@nch@O@erf=\skip81
\f@nch@O@olf=\skip82
\f@nch@O@orf=\skip83
)
\tufteskipamount=\skip84

(c:/Users/mcortinas.DYC/AppData/Roaming/TinyTeX/texmf-dist/tex/latex/tools/mult
icol.sty
Package: multicol 2018/12/27 v1.8v multicolumn formatting (FMi)
\c@tracingmulticols=\count111
\mult@box=\box31
\multicol@leftmargin=\dimen123
\c@unbalance=\count112
\c@collectmore=\count113
\doublecol@number=\count114
\multicoltolerance=\count115
\multicolpretolerance=\count116
\full@width=\dimen124
\page@free=\dimen125
\premulticols=\dimen126
\postmulticols=\dimen127
\multicolsep=\skip85
\multicolbaselineskip=\skip86
\partial@page=\box32
\last@line=\box33
\maxbalancingoverflow=\dimen128
\mult@rightbox=\box34
\mult@grightbox=\box35
\mult@gfirstbox=\box36
\mult@firstbox=\box37
\@tempa=\box38
\@tempa=\box39
\@tempa=\box40
\@tempa=\box41
\@tempa=\box42
\@tempa=\box43
\@tempa=\box44
\@tempa=\box45
\@tempa=\box46
\@tempa=\box47
\@tempa=\box48
\@tempa=\box49
\@tempa=\box50
\@tempa=\box51
\@tempa=\box52
\@tempa=\box53
\@tempa=\box54
\c@columnbadness=\count117
\c@finalcolumnbadness=\count118
\last@try=\dimen129
\multicolovershoot=\dimen130
\multicolundershoot=\dimen131
\mult@nat@firstbox=\box55
\colbreak@box=\box56
\mc@col@check@num=\count119
)))
(c:/Users/mcortinas.DYC/AppData/Roaming/TinyTeX/texmf-dist/tex/latex/amsfonts/a
mssymb.sty
Package: amssymb 2013/01/14 v3.01 AMS font symbols

(c:/Users/mcortinas.DYC/AppData/Roaming/TinyTeX/texmf-dist/tex/latex/amsfonts/a
msfonts.sty
Package: amsfonts 2013/01/14 v3.01 Basic AMSFonts support
\@emptytoks=\toks19
\symAMSa=\mathgroup4
\symAMSb=\mathgroup5
LaTeX Font Info:    Overwriting math alphabet `\mathfrak' in version `bold'
(Font)                  U/euf/m/n --> U/euf/b/n on input line 106.
))
(c:/Users/mcortinas.DYC/AppData/Roaming/TinyTeX/texmf-dist/tex/latex/amsmath/am
smath.sty
Package: amsmath 2018/12/01 v2.17b AMS math features
\@mathmargin=\skip87
For additional information on amsmath, use the `?' option.

(c:/Users/mcortinas.DYC/AppData/Roaming/TinyTeX/texmf-dist/tex/latex/amsmath/am
stext.sty
Package: amstext 2000/06/29 v2.01 AMS text

(c:/Users/mcortinas.DYC/AppData/Roaming/TinyTeX/texmf-dist/tex/latex/amsmath/am
sgen.sty
File: amsgen.sty 1999/11/30 v2.0 generic functions
\@emptytoks=\toks20
\ex@=\dimen132
))
(c:/Users/mcortinas.DYC/AppData/Roaming/TinyTeX/texmf-dist/tex/latex/amsmath/am
sbsy.sty
Package: amsbsy 1999/11/29 v1.2d Bold Symbols
\pmbraise@=\dimen133
)
(c:/Users/mcortinas.DYC/AppData/Roaming/TinyTeX/texmf-dist/tex/latex/amsmath/am
sopn.sty
Package: amsopn 2016/03/08 v2.02 operator names
)
\inf@bad=\count120
LaTeX Info: Redefining \frac on input line 223.
\uproot@=\count121
\leftroot@=\count122
LaTeX Info: Redefining \overline on input line 385.
\classnum@=\count123
\DOTSCASE@=\count124
LaTeX Info: Redefining \ldots on input line 482.
LaTeX Info: Redefining \dots on input line 485.
LaTeX Info: Redefining \cdots on input line 606.
\Mathstrutbox@=\box57
\strutbox@=\box58
\big@size=\dimen134
LaTeX Font Info:    Redeclaring font encoding OML on input line 729.
LaTeX Font Info:    Redeclaring font encoding OMS on input line 730.
\macc@depth=\count125
\c@MaxMatrixCols=\count126
\dotsspace@=\muskip11
\c@parentequation=\count127
\dspbrk@lvl=\count128
\tag@help=\toks21
\row@=\count129
\column@=\count130
\maxfields@=\count131
\andhelp@=\toks22
\eqnshift@=\dimen135
\alignsep@=\dimen136
\tagshift@=\dimen137
\tagwidth@=\dimen138
\totwidth@=\dimen139
\lineht@=\dimen140
\@envbody=\toks23
\multlinegap=\skip88
\multlinetaggap=\skip89
\mathdisplay@stack=\toks24
LaTeX Info: Redefining \[ on input line 2844.
LaTeX Info: Redefining \] on input line 2845.
)
(c:/Users/mcortinas.DYC/AppData/Roaming/TinyTeX/texmf-dist/tex/latex/base/fixlt
x2e.sty
Package: fixltx2e 2016/12/29 v2.1a fixes to LaTeX (obsolete)
Applying: [2015/01/01] Old fixltx2e package on input line 46.

Package fixltx2e Warning: fixltx2e is not required with releases after 2015
(fixltx2e)                All fixes are now in the LaTeX kernel.
(fixltx2e)                See the latexrelease package for details.

Already applied: [0000/00/00] Old fixltx2e package on input line 53.
)
(c:/Users/mcortinas.DYC/AppData/Roaming/TinyTeX/texmf-dist/tex/latex/base/fonte
nc.sty
Package: fontenc 2018/08/11 v2.0j Standard LaTeX package

(c:/Users/mcortinas.DYC/AppData/Roaming/TinyTeX/texmf-dist/tex/latex/base/t1enc
.def
File: t1enc.def 2018/08/11 v2.0j Standard LaTeX file
LaTeX Font Info:    Redeclaring font encoding T1 on input line 48.
))
(c:/Users/mcortinas.DYC/AppData/Roaming/TinyTeX/texmf-dist/tex/latex/base/input
enc.sty
Package: inputenc 2018/08/11 v1.3c Input encoding file
\inpenc@prehook=\toks25
\inpenc@posthook=\toks26
)
(c:/Users/mcortinas.DYC/AppData/Roaming/TinyTeX/texmf-dist/tex/latex/eurosym/eu
rosym.sty
Package: eurosym 1998/08/06 v1.1 European currency symbol ``Euro''
\@eurobox=\box59
)
(c:/Users/mcortinas.DYC/AppData/Roaming/TinyTeX/texmf-dist/tex/latex/graphics/g
raphicx.sty
Package: graphicx 2017/06/01 v1.1a Enhanced LaTeX Graphics (DPC,SPQR)

(c:/Users/mcortinas.DYC/AppData/Roaming/TinyTeX/texmf-dist/tex/latex/graphics/g
raphics.sty
Package: graphics 2017/06/25 v1.2c Standard LaTeX Graphics (DPC,SPQR)

(c:/Users/mcortinas.DYC/AppData/Roaming/TinyTeX/texmf-dist/tex/latex/graphics/t
rig.sty
Package: trig 2016/01/03 v1.10 sin cos tan (DPC)
)
(c:/Users/mcortinas.DYC/AppData/Roaming/TinyTeX/texmf-dist/tex/latex/graphics-c
fg/graphics.cfg
File: graphics.cfg 2016/06/04 v1.11 sample graphics configuration
)
Package graphics Info: Driver file: pdftex.def on input line 99.
)
\Gin@req@height=\dimen141
\Gin@req@width=\dimen142
)
(c:/Users/mcortinas.DYC/AppData/Roaming/TinyTeX/texmf-dist/tex/latex/booktabs/b
ooktabs.sty
Package: booktabs 2016/04/27 v1.618033 publication quality tables
\heavyrulewidth=\dimen143
\lightrulewidth=\dimen144
\cmidrulewidth=\dimen145
\belowrulesep=\dimen146
\belowbottomsep=\dimen147
\aboverulesep=\dimen148
\abovetopsep=\dimen149
\cmidrulesep=\dimen150
\cmidrulekern=\dimen151
\defaultaddspace=\dimen152
\@cmidla=\count132
\@cmidlb=\count133
\@aboverulesep=\dimen153
\@belowrulesep=\dimen154
\@thisruleclass=\count134
\@lastruleclass=\count135
\@thisrulewidth=\dimen155
)
(c:/Users/mcortinas.DYC/AppData/Roaming/TinyTeX/texmf-dist/tex/latex/units/unit
s.sty
Package: units 1998/08/04 v0.9b Typesetting units

(c:/Users/mcortinas.DYC/AppData/Roaming/TinyTeX/texmf-dist/tex/latex/units/nice
frac.sty
Package: nicefrac 1998/08/04 v0.9b Nice fractions
\L@UnitsRaiseDisplaystyle=\skip90
\L@UnitsRaiseTextstyle=\skip91
\L@UnitsRaiseScriptstyle=\skip92
))
(c:/Users/mcortinas.DYC/AppData/Roaming/TinyTeX/texmf-dist/tex/generic/babel/ba
bel.sty
Package: babel 2018/11/13 3.27 The Babel package

(c:/Users/mcortinas.DYC/AppData/Roaming/TinyTeX/texmf-dist/tex/generic/babel/sw
itch.def
File: switch.def 2018/11/13 3.27 Babel switching mechanism
)
(c:/Users/mcortinas.DYC/AppData/Roaming/TinyTeX/texmf-dist/tex/generic/babel-sp
anish/spanish.ldf
Language: spanish.ldf 2016/03/03 v5.0p Spanish support from the babel system

(c:/Users/mcortinas.DYC/AppData/Roaming/TinyTeX/texmf-dist/tex/generic/babel/ba
bel.def
File: babel.def 2018/11/13 3.27 Babel common definitions
\babel@savecnt=\count136
\U@D=\dimen156

(c:/Users/mcortinas.DYC/AppData/Roaming/TinyTeX/texmf-dist/tex/generic/babel/tx
tbabel.def)
\bbl@dirlevel=\count137
)

Package babel Warning: No hyphenation patterns were preloaded for
(babel)                the language `Spanish' into the format.
(babel)                Please, configure your TeX system to add them and
(babel)                rebuild the format. Now I will use the patterns
(babel)                preloaded for english instead on input line 51.

\l@spanish = a dialect from \language0
\es@quottoks=\toks27
\es@quotdepth=\count138
))
(c:/Users/mcortinas.DYC/AppData/Roaming/TinyTeX/texmf-dist/tex/generic/ulem/ule
m.sty
\UL@box=\box60
\UL@hyphenbox=\box61
\UL@skip=\skip93
\UL@hook=\toks28
\UL@height=\dimen157
\UL@pe=\count139
\UL@pixel=\dimen158
\ULC@box=\box62
Package: ulem 2012/05/18
\ULdepth=\dimen159
)
(c:/Users/mcortinas.DYC/AppData/Roaming/TinyTeX/texmf-dist/tex/latex/morefloats
/morefloats.sty
Package: morefloats 2015/07/22 v1.0h Raise limit of unprocessed floats (HMM)
Package morefloats Info: Maximum number of possible floats asked for: 36
(morefloats)             (i.e. 18 more floats).
(morefloats)             LaTeX might run out of memory before this
(morefloats)             (in which case it will notify you).
)
(c:/Users/mcortinas.DYC/AppData/Roaming/TinyTeX/texmf-dist/tex/latex/roboto/rob
oto.sty
Package: roboto 2017/04/10 (Bob Tennent) Supports Roboto fonts for all LaTeX en
gines.

(c:/Users/mcortinas.DYC/AppData/Roaming/TinyTeX/texmf-dist/tex/latex/base/fonte
nc.sty
Package: fontenc 2018/08/11 v2.0j Standard LaTeX package
)
(c:/Users/mcortinas.DYC/AppData/Roaming/TinyTeX/texmf-dist/tex/latex/fontaxes/f
ontaxes.sty
Package: fontaxes 2014/03/23 v1.0d Font selection axes
LaTeX Info: Redefining \upshape on input line 29.
LaTeX Info: Redefining \itshape on input line 31.
LaTeX Info: Redefining \slshape on input line 33.
LaTeX Info: Redefining \scshape on input line 37.
)
(c:/Users/mcortinas.DYC/AppData/Roaming/TinyTeX/texmf-dist/tex/latex/mweights/m
weights.sty
Package: mweights 2017/03/30 (Bob Tennent) Support package for multiple-weight 
font packages. 
LaTeX Info: Redefining \bfseries on input line 22.
LaTeX Info: Redefining \mdseries on input line 30.
LaTeX Info: Redefining \rmfamily on input line 38.
LaTeX Info: Redefining \sffamily on input line 66.
LaTeX Info: Redefining \ttfamily on input line 94.
)
LaTeX Info: Redefining \oldstylenums on input line 189.
)
Package hyperref Info: Option `colorlinks' set `true' on input line 93.

(c:/Users/mcortinas.DYC/AppData/Roaming/TinyTeX/texmf-dist/tex/latex/base/fonte
nc.sty
Package: fontenc 2018/08/11 v2.0j Standard LaTeX package

(c:/Users/mcortinas.DYC/AppData/Roaming/TinyTeX/texmf-dist/tex/latex/base/t1enc
.def
File: t1enc.def 2018/08/11 v2.0j Standard LaTeX file
LaTeX Font Info:    Redeclaring font encoding T1 on input line 48.
))
(c:/Users/mcortinas.DYC/AppData/Roaming/TinyTeX/texmf-dist/tex/latex/fontawesom
e/fontawesome.sty
Package: fontawesome 2016/05/15 v4.6.3.1 font awesome icons

(c:/Users/mcortinas.DYC/AppData/Roaming/TinyTeX/texmf-dist/tex/latex/fontawesom
e/fontawesomesymbols-generic.tex)
(c:/Users/mcortinas.DYC/AppData/Roaming/TinyTeX/texmf-dist/tex/latex/fontawesom
e/fontawesomesymbols-pdftex.tex))
(c:/Users/mcortinas.DYC/AppData/Roaming/TinyTeX/texmf-dist/tex/latex/tabu/tabu.
sty
Package: tabu 2019/01/11 v2.9 - flexible LaTeX tabulars (FC+tabu-fixed)

(c:/Users/mcortinas.DYC/AppData/Roaming/TinyTeX/texmf-dist/tex/latex/tools/arra
y.sty
Package: array 2018/12/30 v2.4k Tabular extension package (FMi)
\col@sep=\dimen160
\ar@mcellbox=\box63
\extrarowheight=\dimen161
\NC@list=\toks29
\extratabsurround=\skip94
\backup@length=\skip95
\ar@cellbox=\box64
)
(c:/Users/mcortinas.DYC/AppData/Roaming/TinyTeX/texmf-dist/tex/latex/varwidth/v
arwidth.sty
Package: varwidth 2009/03/30 ver 0.92;  Variable-width minipages
\@vwid@box=\box65
\sift@deathcycles=\count140
\@vwid@loff=\dimen162
\@vwid@roff=\dimen163
)
\c@taburow=\count141
\tabu@nbcols=\count142
\tabu@cnt=\count143
\tabu@Xcol=\count144
\tabu@alloc=\count145
\tabu@nested=\count146
\tabu@target=\dimen164
\tabu@spreadtarget=\dimen165
\tabu@naturalX=\dimen166
\tabucolX=\dimen167
\tabu@Xsum=\dimen168
\extrarowdepth=\dimen169
\abovetabulinesep=\dimen170
\belowtabulinesep=\dimen171
\tabustrutrule=\dimen172
\tabu@thebody=\toks30
\tabu@footnotes=\toks31
\tabu@box=\box66
\tabu@arstrutbox=\box67
\tabu@hleads=\box68
\tabu@vleads=\box69
\tabu@cellskip=\skip96
)
(c:/Users/mcortinas.DYC/AppData/Roaming/TinyTeX/texmf-dist/tex/latex/threepartt
able/threeparttable.sty
Package: threeparttable 2003/06/13  v 3.0
\@tempboxb=\box70
)
(c:/Users/mcortinas.DYC/AppData/Roaming/TinyTeX/texmf-dist/tex/latex/threepartt
ablex/threeparttablex.sty
Package: threeparttablex 2013/07/23 v0.3 by daleif

(c:/Users/mcortinas.DYC/AppData/Roaming/TinyTeX/texmf-dist/tex/latex/environ/en
viron.sty
Package: environ 2014/05/04 v0.3 A new way to define environments

(c:/Users/mcortinas.DYC/AppData/Roaming/TinyTeX/texmf-dist/tex/latex/trimspaces
/trimspaces.sty
Package: trimspaces 2009/09/17 v1.1 Trim spaces around a token list
))
\TPTL@width=\skip97
)
(c:/Users/mcortinas.DYC/AppData/Roaming/TinyTeX/texmf-dist/tex/latex/graphics/l
scape.sty
Package: lscape 2000/10/22 v3.01 Landscape Pages (DPC)
)

LaTeX Warning: Unused global option(s):
    [es-ES].

(./T1handouts.aux
LaTeX Info: Redefining \. on input line 21.
LaTeX Info: Redefining \% on input line 21.
)
\openout1 = `T1handouts.aux'.

LaTeX Font Info:    Checking defaults for OML/cmm/m/it on input line 227.
LaTeX Font Info:    ... okay on input line 227.
LaTeX Font Info:    Checking defaults for T1/cmr/m/n on input line 227.
LaTeX Font Info:    ... okay on input line 227.
LaTeX Font Info:    Checking defaults for OT1/cmr/m/n on input line 227.
LaTeX Font Info:    ... okay on input line 227.
LaTeX Font Info:    Checking defaults for OMS/cmsy/m/n on input line 227.
LaTeX Font Info:    ... okay on input line 227.
LaTeX Font Info:    Checking defaults for OMX/cmex/m/n on input line 227.
LaTeX Font Info:    ... okay on input line 227.
LaTeX Font Info:    Checking defaults for U/cmr/m/n on input line 227.
LaTeX Font Info:    ... okay on input line 227.
LaTeX Font Info:    Checking defaults for PD1/pdf/m/n on input line 227.
LaTeX Font Info:    ... okay on input line 227.
LaTeX Font Info:    Checking defaults for PU/pdf/m/n on input line 227.
LaTeX Font Info:    ... okay on input line 227.
LaTeX Font Info:    Checking defaults for TS1/cmr/m/n on input line 227.
LaTeX Font Info:    Try loading font information for TS1+cmr on input line 227.


(c:/Users/mcortinas.DYC/AppData/Roaming/TinyTeX/texmf-dist/tex/latex/base/ts1cm
r.fd
File: ts1cmr.fd 2014/09/29 v2.5h Standard LaTeX font definitions
)
LaTeX Font Info:    ... okay on input line 227.
LaTeX Font Info:    Try loading font information for T1+RobotoCondensed-LF on i
nput line 227.

(c:/Users/mcortinas.DYC/AppData/Roaming/TinyTeX/texmf-dist/tex/latex/roboto/T1R
obotoCondensed-LF.fd
File: T1RobotoCondensed-LF.fd 2015/09/15 (autoinst) Font definitions for T1/Rob
otoCondensed-LF.
)
LaTeX Font Info:    Font shape `T1/RobotoCondensed-LF/m/n' will be
(Font)              scaled to size 10.0pt on input line 227.
\AtBeginShipoutBox=\box71
Package hyperref Info: Link coloring ON on input line 227.

(c:/Users/mcortinas.DYC/AppData/Roaming/TinyTeX/texmf-dist/tex/latex/hyperref/n
ameref.sty
Package: nameref 2016/05/21 v2.44 Cross-referencing by name of section

(c:/Users/mcortinas.DYC/AppData/Roaming/TinyTeX/texmf-dist/tex/generic/oberdiek
/gettitlestring.sty
Package: gettitlestring 2016/05/16 v1.5 Cleanup title references (HO)
)
\c@section@level=\count147
)
LaTeX Info: Redefining \ref on input line 227.
LaTeX Info: Redefining \pageref on input line 227.
LaTeX Info: Redefining \nameref on input line 227.
(./T1handouts.out) (./T1handouts.out)
\@outlinefile=\write3
\openout3 = `T1handouts.out'.

ABD: EverySelectfont initializing macros
LaTeX Info: Redefining \selectfont on input line 227.
*geometry* driver: auto-detecting
*geometry* detected driver: pdftex
*geometry* verbose mode - [ preamble ] result:
* driver: pdftex
* paper: letterpaper
* layout: <same size as paper>
* layoutoffset:(h,v)=(0.0pt,0.0pt)
* modes: twoside asymmetric 
* h-part:(L,W,R)=(72.26999pt, 312.0pt, 230.02501pt)
* v-part:(T,H,B)=(72.26999pt, 616.0pt, 106.7pt)
* \paperwidth=614.295pt
* \paperheight=794.96999pt
* \textwidth=312.0pt
* \textheight=616.0pt
* \oddsidemargin=0.0pt
* \evensidemargin=0.0pt
* \topmargin=-42.0pt
* \headheight=14.0pt
* \headsep=28.0pt
* \topskip=10.0pt
* \footskip=30.0pt
* \marginparwidth=144.0pt
* \marginparsep=24.0pt
* \columnsep=10.0pt
* \skip\footins=9.0pt plus 4.0pt minus 2.0pt
* \hoffset=0.0pt
* \voffset=0.0pt
* \mag=1000
* \@twocolumnfalse
* \@twosidetrue
* \@mparswitchfalse
* \@reversemarginfalse
* (1in=72.27pt=25.4mm, 1cm=28.453pt)


(c:/Users/mcortinas.DYC/AppData/Roaming/TinyTeX/texmf-dist/tex/latex/oberdiek/e
pstopdf-base.sty
Package: epstopdf-base 2016/05/15 v2.6 Base part for package epstopdf

(c:/Users/mcortinas.DYC/AppData/Roaming/TinyTeX/texmf-dist/tex/latex/oberdiek/g
rfext.sty
Package: grfext 2016/05/16 v1.2 Manage graphics extensions (HO)
)
Package epstopdf-base Info: Redefining graphics rule for `.eps' on input line 4
38.
Package grfext Info: Graphics extension search list:
(grfext)             [.pdf,.png,.jpg,.mps,.jpeg,.jbig2,.jb2,.PDF,.PNG,.JPG,.JPE
G,.JBIG2,.JB2,.eps]
(grfext)             \AppendGraphicsExtensions on input line 456.

(c:/Users/mcortinas.DYC/AppData/Roaming/TinyTeX/texmf-dist/tex/latex/latexconfi
g/epstopdf-sys.cfg
File: epstopdf-sys.cfg 2010/07/13 v1.3 Configuration of (r)epstopdf for TeX Liv
e
))
\langwohyphens=\language3
LaTeX Info: Redefining \. on input line 227.
LaTeX Info: Redefining \% on input line 227.
\c@mv@tabular=\count148
\c@mv@boldtabular=\count149
LaTeX Font Info:    Font shape `T1/RobotoCondensed-LF/b/n' will be
(Font)              scaled to size 10.0pt on input line 229.
LaTeX Font Info:    Font shape `T1/RobotoCondensed-LF/b/n' will be
(Font)              scaled to size 14.4pt on input line 229.
LaTeX Font Info:    Font shape `T1/RobotoCondensed-LF/l/n' will be
(Font)              scaled to size 10.0pt on input line 229.
LaTeX Font Info:    Font shape `T1/RobotoCondensed-LF/l/n' will be
(Font)              scaled to size 12.0pt on input line 229.
LaTeX Font Info:    Font shape `T1/RobotoCondensed-LF/m/n' will be
(Font)              scaled to size 8.0pt on input line 235.
<latex/logo.png, id=36, 3011.25pt x 1581.91pt>
File: latex/logo.png Graphic file (type png)
<use latex/logo.png>
Package pdftex.def Info: latex/logo.png  used on input line 235.
(pdftex.def)             Requested size: 70.25436pt x 36.90695pt.
LaTeX Font Info:    Try loading font information for U+msa on input line 235.

(c:/Users/mcortinas.DYC/AppData/Roaming/TinyTeX/texmf-dist/tex/latex/amsfonts/u
msa.fd
File: umsa.fd 2013/01/14 v3.01 AMS symbols A
)
LaTeX Font Info:    Try loading font information for U+msb on input line 235.

(c:/Users/mcortinas.DYC/AppData/Roaming/TinyTeX/texmf-dist/tex/latex/amsfonts/u
msb.fd
File: umsb.fd 2013/01/14 v3.01 AMS symbols B
)
LaTeX Font Info:    Font shape `T1/RobotoCondensed-LF/b/n' will be
(Font)              scaled to size 12.0pt on input line 237.
<images/sinfo.jpg, id=38, 1927.2pt x 1308.89pt>
File: images/sinfo.jpg Graphic file (type jpg)
<use images/sinfo.jpg>
Package pdftex.def Info: images/sinfo.jpg  used on input line 259.
(pdftex.def)             Requested size: 143.97504pt x 97.78304pt.
<images/sinfo2.png, id=39, 359.7075pt x 221.0805pt>
File: images/sinfo2.png Graphic file (type png)
<use images/sinfo2.png>
Package pdftex.def Info: images/sinfo2.png  used on input line 285.
(pdftex.def)             Requested size: 144.00119pt x 88.50484pt.
LaTeX Font Info:    Font shape `T1/RobotoCondensed-LF/m/n' will be
(Font)              scaled to size 9.0pt on input line 290.
LaTeX Font Info:    Font shape `T1/RobotoCondensed-LF/m/it' will be
(Font)              scaled to size 9.0pt on input line 293.
LaTeX Font Info:    Font shape `T1/RobotoCondensed-LF/m/n' will be
(Font)              scaled to size 10.95pt on input line 301.
[1

{c:/Users/mcortinas.DYC/AppData/Roaming/TinyTeX/texmf-var/fonts/map/pdftex/updm
ap/pdftex.map} <./latex/logo.png> <./images/sinfo.jpg> <./images/sinfo2.png>]
<images/gioconda.jpg, id=55, 602.25pt x 339.2675pt>
File: images/gioconda.jpg Graphic file (type jpg)
<use images/gioconda.jpg>
Package pdftex.def Info: images/gioconda.jpg  used on input line 309.
(pdftex.def)             Requested size: 144.00076pt x 81.12042pt.
<images/bitbrain1.png, id=56, 903.75537pt x 541.64464pt>
File: images/bitbrain1.png Graphic file (type png)
<use images/bitbrain1.png>
Package pdftex.def Info: images/bitbrain1.png  used on input line 344.
(pdftex.def)             Requested size: 143.99704pt x 86.30125pt.

Class tufte-handout Warning: Proper spacing of small-caps letters has not been 
set up.
This message occurred on input line 368.

[2 <./images/gioconda.jpg> <./images/bitbrain1.png>]
<images/youtube1.png, id=66, 915.92715pt x 517.30106pt>
File: images/youtube1.png Graphic file (type png)
<use images/youtube1.png>
Package pdftex.def Info: images/youtube1.png  used on input line 382.
(pdftex.def)             Requested size: 143.99374pt x 81.32536pt.

Class tufte-handout Warning: Proper spacing of small-caps letters has not been 
set up.
This message occurred on input line 435.

[3 <./images/youtube1.png>]

Class tufte-handout Warning: Proper spacing of small-caps letters has not been 
set up.
This message occurred on input line 485.

[4]
<images/empresas1.png, id=80, 1794.705pt x 570.13pt>
File: images/empresas1.png Graphic file (type png)
<use images/empresas1.png>
Package pdftex.def Info: images/empresas1.png  used on input line 512.
(pdftex.def)             Requested size: 479.97617pt x 152.47565pt.
<images/empresas2.png, id=81, 1794.705pt x 714.67pt>
File: images/empresas2.png Graphic file (type png)
<use images/empresas2.png>
Package pdftex.def Info: images/empresas2.png  used on input line 520.
(pdftex.def)             Requested size: 479.97617pt x 191.13144pt.
LaTeX Font Info:    Try loading font information for T1+cmtt on input line 527.


(c:/Users/mcortinas.DYC/AppData/Roaming/TinyTeX/texmf-dist/tex/latex/base/t1cmt
t.fd
File: t1cmtt.fd 2014/09/29 v2.5h Standard LaTeX font definitions
)

Class tufte-handout Warning: Proper spacing of small-caps letters has not been 
set up.
This message occurred on input line 528.

[5 <./images/empresas1.png>]

Class tufte-handout Warning: Proper spacing of small-caps letters has not been 
set up.
This message occurred on input line 529.

[6 <./images/empresas2.png>]
<images/empresas3.jpg, id=97, 1027.84pt x 554.07pt>
File: images/empresas3.jpg Graphic file (type jpg)
<use images/empresas3.jpg>
Package pdftex.def Info: images/empresas3.jpg  used on input line 539.
(pdftex.def)             Requested size: 311.99297pt x 168.1837pt.

Overfull \hbox (11.99297pt too wide) in paragraph at lines 539--540
[][]  
 []

<images/interrelacion.jpg, id=98, 427.3785pt x 323.5725pt>
File: images/interrelacion.jpg Graphic file (type jpg)
<use images/interrelacion.jpg>
Package pdftex.def Info: images/interrelacion.jpg  used on input line 554.
(pdftex.def)             Requested size: 143.99599pt x 109.02078pt.
LaTeX Font Info:    Font shape `T1/RobotoCondensed-LF/m/n' will be
(Font)              scaled to size 7.0pt on input line 592.
LaTeX Font Info:    Font shape `T1/RobotoCondensed-LF/m/n' will be
(Font)              scaled to size 6.0pt on input line 592.
LaTeX Font Info:    Font shape `T1/RobotoCondensed-LF/m/n' will be
(Font)              scaled to size 5.0pt on input line 592.
LaTeX Font Info:    Try loading font information for U+fontawesometwo on input 
line 592.

(c:/Users/mcortinas.DYC/AppData/Roaming/TinyTeX/texmf-dist/tex/latex/fontawesom
e/ufontawesometwo.fd
File: ufontawesometwo.fd 2016/05/22 Font definitions for U/fontawesometwo.
)

Class tufte-handout Warning: Proper spacing of small-caps letters has not been 
set up.
This message occurred on input line 593.

[7

 <./images/empresas3.jpg> <./images/interrelacion.jpg>]

LaTeX Warning: Marginpar on page 8 moved.

<images/walmart.png, id=113, 454.92064pt x 343.09232pt>
File: images/walmart.png Graphic file (type png)
<use images/walmart.png>
Package pdftex.def Info: images/walmart.png  used on input line 595.
(pdftex.def)             Requested size: 144.00185pt x 108.6034pt.

LaTeX Warning: Marginpar on page 8 moved.

<images/aranzadi.png, id=114, 961.57137pt x 541.64464pt>
File: images/aranzadi.png Graphic file (type png)
<use images/aranzadi.png>
Package pdftex.def Info: images/aranzadi.png  used on input line 609.
(pdftex.def)             Requested size: 143.99472pt x 81.11095pt.

LaTeX Warning: Marginpar on page 8 moved.


Overfull \hbox (3.45744pt too wide) in paragraph at lines 628--631
[]\T1/RobotoCondensed-LF/m/n/10 Los Sis-temas de In-for-ma-ción son un req-ui-s
i-to para poder im-plan-tar cualquier 
 []

<images/kiosko.jpg, id=118, 225.84375pt x 225.84375pt>
File: images/kiosko.jpg Graphic file (type jpg)
<use images/kiosko.jpg>
Package pdftex.def Info: images/kiosko.jpg  used on input line 648.
(pdftex.def)             Requested size: 144.00879pt x 144.00879pt.

Class tufte-handout Warning: Proper spacing of small-caps letters has not been 
set up.
This message occurred on input line 674.

[8 <./images/walmart.png> <./images/aranzadi.png> <./images/kiosko.jpg>]
<images/corteingles.png, id=130, 911.36273pt x 512.73663pt>
File: images/corteingles.png Graphic file (type png)
<use images/corteingles.png>
Package pdftex.def Info: images/corteingles.png  used on input line 676.
(pdftex.def)             Requested size: 143.9993pt x 81.01462pt.
<images/fracaso.jpg, id=132, 994.46532pt x 698.61pt>
File: images/fracaso.jpg Graphic file (type jpg)
<use images/fracaso.jpg>
Package pdftex.def Info: images/fracaso.jpg  used on input line 707.
(pdftex.def)             Requested size: 143.98892pt x 101.15195pt.

Class tufte-handout Warning: Proper spacing of small-caps letters has not been 
set up.
This message occurred on input line 733.

[9 <./images/corteingles.png> <./images/fracaso.jpg>]
Overfull \hbox (0.43028pt too wide) in paragraph at lines 736--736
|\T1/RobotoCondensed-LF/b/n/12 3. Dis-eño y análi-sis de los SI: Per-spec-ti-va
 tec-nológ-i-ca y de ne-go-
 []

<images/fig01_03.jpg, id=141, 1027.84pt x 457.71pt>
File: images/fig01_03.jpg Graphic file (type jpg)
<use images/fig01_03.jpg>
Package pdftex.def Info: images/fig01_03.jpg  used on input line 760.
(pdftex.def)             Requested size: 311.99297pt x 138.93437pt.

Overfull \hbox (11.99297pt too wide) in paragraph at lines 760--761
[][]  
 []

File: images/walmart.png Graphic file (type png)
<use images/walmart.png>
Package pdftex.def Info: images/walmart.png  used on input line 763.
(pdftex.def)             Requested size: 144.00185pt x 108.6034pt.

Overfull \hbox (2.24995pt too wide) in paragraph at lines 786--789
[]\T1/RobotoCondensed-LF/b/n/10 Datos\T1/RobotoCondensed-LF/m/n/10 : in-ven-tar
io: fechas de en-tra-da, unidades, costes, ca-jas: ho-ra, unidades, 
 []


Overfull \hbox (12.13237pt too wide) in paragraph at lines 795--795
|\T1/RobotoCondensed-LF/m/n/10.95 Marco de análi-sis de los sis-temas de in-for
-ma-ción des-de la per-spec-ti-va tec-
 []


Class tufte-handout Warning: Proper spacing of small-caps letters has not been 
set up.
This message occurred on input line 800.

[10

 <./images/fig01_03.jpg>]
<images/sitecno.jpg, id=148, 4890.27pt x 2888.54156pt>
File: images/sitecno.jpg Graphic file (type jpg)
<use images/sitecno.jpg>
Package pdftex.def Info: images/sitecno.jpg  used on input line 826.
(pdftex.def)             Requested size: 311.98378pt x 184.27983pt.

Overfull \hbox (11.98378pt too wide) in paragraph at lines 826--827
[][]  
 []


Overfull \hbox (4.44876pt too wide) in paragraph at lines 830--830
|\T1/RobotoCondensed-LF/m/n/10.95 ¾Cómo se im-plan-ta des-de la per-spec-ti-va 
tec-nológ-i-ca un Sis-tema de In-for-
 []

<images/gerencia.jpg, id=149, 426.7215pt x 212.5395pt>
File: images/gerencia.jpg Graphic file (type jpg)
<use images/gerencia.jpg>
Package pdftex.def Info: images/gerencia.jpg  used on input line 840.
(pdftex.def)             Requested size: 143.996pt x 71.72087pt.

Class tufte-handout Warning: Proper spacing of small-caps letters has not been 
set up.
This message occurred on input line 847.

[11 <./images/sitecno.jpg> <./images/gerencia.jpg>]

LaTeX Warning: Marginpar on page 12 moved.

<images/historiaclinica.png, id=157, 486.87158pt x 339.28864pt>
File: images/historiaclinica.png Graphic file (type png)
<use images/historiaclinica.png>
Package pdftex.def Info: images/historiaclinica.png  used on input line 916.
(pdftex.def)             Requested size: 312.01277pt x 217.4339pt.

Overfull \hbox (12.01277pt too wide) in paragraph at lines 916--917
[][]  
 []


Class tufte-handout Warning: Proper spacing of small-caps letters has not been 
set up.
This message occurred on input line 921.

[12]
<images/inversion.jpg, id=164, 1027.84pt x 753.81625pt>
File: images/inversion.jpg Graphic file (type jpg)
<use images/inversion.jpg>
Package pdftex.def Info: images/inversion.jpg  used on input line 951.
(pdftex.def)             Requested size: 311.99297pt x 228.81516pt.

Overfull \hbox (11.99297pt too wide) in paragraph at lines 951--952
[][]  
 []


Class tufte-handout Warning: Proper spacing of small-caps letters has not been 
set up.
This message occurred on input line 953.

[13 <./images/historiaclinica.png>]

Class tufte-handout Warning: Proper spacing of small-caps letters has not been 
set up.
This message occurred on input line 1001.

[14 <./images/inversion.jpg>]
<images/mis.jpg, id=178, 1027.84pt x 481.8pt>
File: images/mis.jpg Graphic file (type jpg)
<use images/mis.jpg>
Package pdftex.def Info: images/mis.jpg  used on input line 1017.
(pdftex.def)             Requested size: 480.0109pt x 225.0051pt.

Class tufte-handout Warning: Proper spacing of small-caps letters has not been 
set up.
This message occurred on input line 1019.

[15 <./images/mis.jpg>]
<images/mis2.jpg, id=184, 426.7215pt x 208.926pt>
File: images/mis2.jpg Graphic file (type jpg)
<use images/mis2.jpg>
Package pdftex.def Info: images/mis2.jpg  used on input line 1024.
(pdftex.def)             Requested size: 480.0019pt x 235.01247pt.

Class tufte-handout Warning: Proper spacing of small-caps letters has not been 
set up.
This message occurred on input line 1026.

[16

 <./images/mis2.jpg>]
<images/mis3.jpg, id=189, 426.7215pt x 212.5395pt>
File: images/mis3.jpg Graphic file (type jpg)
<use images/mis3.jpg>
Package pdftex.def Info: images/mis3.jpg  used on input line 1035.
(pdftex.def)             Requested size: 480.0019pt x 239.07715pt.
No file T1handouts.bbl.
Package atveryend Info: Empty hook `BeforeClearDocument' on input line 1055.

Class tufte-handout Warning: Proper spacing of small-caps letters has not been 
set up.
This message occurred on input line 1055.

[17

 <./images/mis3.jpg>]
Package atveryend Info: Empty hook `AfterLastShipout' on input line 1055.
(./T1handouts.aux
LaTeX Info: Redefining \. on input line 21.
LaTeX Info: Redefining \% on input line 21.
)
Package atveryend Info: Executing hook `AtVeryEndDocument' on input line 1055.
Package atveryend Info: Executing hook `AtEndAfterFileList' on input line 1055.

Package rerunfilecheck Info: File `T1handouts.out' has not changed.
(rerunfilecheck)             Checksum: D209C8AB656869806EC4238C8B1D5273;1779.
Package atveryend Info: Empty hook `AtVeryVeryEnd' on input line 1055.
 ) 
Here is how much of TeX's memory you used:
 16578 strings out of 494562
 243688 string characters out of 6175528
 348385 words of memory out of 5000000
 19830 multiletter control sequences out of 15000+600000
 78031 words of font info for 68 fonts, out of 8000000 for 9000
 14 hyphenation exceptions out of 8191
 40i,12n,45p,474b,448s stack positions out of 5000i,500n,10000p,200000b,80000s
{c:/Users/mcortinas.DYC/AppData/Roaming/TinyTeX/texmf-dist/fonts/enc/dvips/fo
ntawesome/fontawesometwo.enc} <c:/Users/mcortinas.DYC/Documents/.TinyTeX/texmf-
var/fonts/pk/ljfour/jknappen/ec/ectt1000.600pk>{c:/Users/mcortinas.DYC/AppData/
Roaming/TinyTeX/texmf-dist/fonts/enc/dvips/roboto/rbto_idpkzy.enc}<c:/Users/mco
rtinas.DYC/AppData/Roaming/TinyTeX/texmf-dist/fonts/type1/public/fontawesome/Fo
ntAwesome.pfb><c:/Users/mcortinas.DYC/AppData/Roaming/TinyTeX/texmf-dist/fonts/
type1/google/roboto/RobotoCondensed-Bold.pfb><c:/Users/mcortinas.DYC/AppData/Ro
aming/TinyTeX/texmf-dist/fonts/type1/google/roboto/RobotoCondensed-Italic.pfb><
c:/Users/mcortinas.DYC/AppData/Roaming/TinyTeX/texmf-dist/fonts/type1/google/ro
boto/RobotoCondensed-Light.pfb><c:/Users/mcortinas.DYC/AppData/Roaming/TinyTeX/
texmf-dist/fonts/type1/google/roboto/RobotoCondensed-Regular.pfb><c:/Users/mcor
tinas.DYC/AppData/Roaming/TinyTeX/texmf-dist/fonts/type1/public/eurosym/feymr10
.pfb>
Output written on T1handouts.pdf (17 pages, 9110084 bytes).
PDF statistics:
 269 PDF objects out of 1000 (max. 8388607)
 175 compressed objects within 2 object streams
 58 named destinations out of 1000 (max. 500000)
 180 words of extra memory for PDF output out of 10000 (max. 10000000)

